<?xml version="1.0" encoding="utf-8"?><testsuites><testsuite name="pytest" errors="0" failures="1" skipped="0" tests="17" time="12.696" timestamp="2024-07-31T14:51:44.975481+03:00" hostname="IL-OLEGSIG-QA.local"><testcase classname="test_todomvc.TestTodoMVC" name="test_complete_todo_item" time="4.156" /><testcase classname="test_todomvc.TestTodoMVC" name="test_filter_completed_items" time="4.175" /><testcase classname="test_todomvc.TestTodoMVC" name="test_edit_todo_item" time="4.225" /><testcase classname="test_todomvc.TestTodoMVC" name="test_toggle_todo_item" time="4.171" /><testcase classname="test_todomvc.TestTodoMVC" name="test_mark_all_complete" time="4.164" /><testcase classname="test_todomvc.TestTodoMVC" name="test_delete_todo_item" time="2.656" /><testcase classname="test_todomvc.TestTodoMVC" name="test_clear_completed" time="2.677" /><testcase classname="test_todomvc.TestTodoMVC" name="test_count_items_left" time="2.652" /><testcase classname="test_todomvc.TestTodoMVC" name="test_add_todo_items" time="2.586" /><testcase classname="test_todomvc.TestTodoMVC" name="test_filter_active_items" time="2.861" /><testcase classname="test_todomvc.TestTodoMVC" name="test_filter_all_items" time="2.884" /><testcase classname="test_todomvc.TestTodoMVC" name="test_reopen_completed_todo_item" time="3.071" /><testcase classname="test_todomvc.TestTodoMVC" name="test_add_special_characters" time="3.081" /><testcase classname="test_todomvc.TestTodoMVC" name="test_edit_multiple_todo_items" time="3.737" /><testcase classname="test_todomvc.TestTodoMVC" name="test_add_long_string" time="3.133" /><testcase classname="test_todomvc.TestTodoMVC" name="test_add_empty_string" time="1.721"><failure message="AssertionError: assert 'Edit Todo Input' == ''&#10;  &#10;  + Edit Todo Input">self = &lt;test_todomvc.TestTodoMVC object at 0x11000d8d0&gt;

    def test_add_empty_string(self):
        """
        Test adding an empty string to the todo list.
        """
        self.todo_page.add_todo_item("")
        todo_items = self.todo_page.get_todo_items()
&gt;       assert todo_items[0].text == ""
E       AssertionError: assert 'Edit Todo Input' == ''
E         
E         + Edit Todo Input

test_todomvc.py:176: AssertionError</failure></testcase><testcase classname="test_todomvc.TestTodoMVC" name="test_filter_active_and_completed" time="1.700" /></testsuite></testsuites>